<?xml version="1.0" encoding="UTF-8"?>
<!-- Generated by org.testng.reporters.JUnitReportReporter -->
<testsuite hostname="DESKTOP-53NOBKF" failures="0" tests="1" name="tests.LoginTest" time="5.386" errors="0" timestamp="2022-04-03T20:32:23 IST" skipped="0">
  <testcase classname="tests.LoginTest" name="login" time="5.386"/>
  <system-out/>
</testsuite> <!-- tests.LoginTest -->
